<?xml version="1.0" encoding="UTF-8"?>
<testsuite xmlns:xsi="http://www.w3.org/2001/XMLSchema-instance" xsi:noNamespaceSchemaLocation="https://maven.apache.org/surefire/maven-surefire-plugin/xsd/surefire-test-report-3.0.xsd" version="3.0" name="TestSuite" time="36.478" tests="2" errors="0" skipped="0" failures="0">
  <properties>
[...]
</properties>
  <testcase name="loginTest" classname="com.flexcompany.testcases.TC_LoginTest_001" time="17.32"/>
  <testcase name="loginTest" classname="com.flexcompany.testcases.TC_LoginTest_002" time="11.956"/>
</testsuite>