<?xml version="1.0" encoding="UTF-8"?>
<testng-results ignored="0" total="2" passed="2" failed="0" skipped="0">
  <reporter-output>
  </reporter-output>
  <suite started-at="2022-10-23T16:03:48Z" name="Flex-Company" finished-at="2022-10-23T16:04:23Z" duration-ms="35633">
    <groups>
    </groups>
    <test started-at="2022-10-23T16:03:48Z" name="Test1" finished-at="2022-10-23T16:04:23Z" duration-ms="35633">
      <class name="com.flexcompany.testcases.TC_LoginTest_001">
        <test-method is-config="true" signature="setup(java.lang.String)[pri:0, instance:com.flexcompany.testcases.TC_LoginTest_001@5a4041cc]" started-at="2022-10-23T16:03:48Z" name="setup" finished-at="2022-10-23T16:03:52Z" duration-ms="4459" status="PASS">
          <params>
            <param index="0">
              <value>
                <![CDATA[chrome]]>
              </value>
            </param>
          </params>
          <reporter-output>
          </reporter-output>
        </test-method> <!-- setup -->
        <test-method signature="loginTest()[pri:0, instance:com.flexcompany.testcases.TC_LoginTest_001@5a4041cc]" started-at="2022-10-23T16:03:52Z" name="loginTest" finished-at="2022-10-23T16:04:06Z" duration-ms="13771" status="PASS">
          <reporter-output>
          </reporter-output>
        </test-method> <!-- loginTest -->
        <test-method is-config="true" signature="tearDown()[pri:0, instance:com.flexcompany.testcases.TC_LoginTest_001@5a4041cc]" started-at="2022-10-23T16:04:06Z" name="tearDown" finished-at="2022-10-23T16:04:06Z" duration-ms="200" status="PASS">
          <reporter-output>
          </reporter-output>
        </test-method> <!-- tearDown -->
      </class> <!-- com.flexcompany.testcases.TC_LoginTest_001 -->
      <class name="com.flexcompany.testcases.TC_LoginTest_002">
        <test-method is-config="true" signature="setup(java.lang.String)[pri:0, instance:com.flexcompany.testcases.TC_LoginTest_002@15b3e5b]" started-at="2022-10-23T16:04:06Z" name="setup" finished-at="2022-10-23T16:04:10Z" duration-ms="3463" status="PASS">
          <params>
            <param index="0">
              <value>
                <![CDATA[chrome]]>
              </value>
            </param>
          </params>
          <reporter-output>
          </reporter-output>
        </test-method> <!-- setup -->
        <test-method signature="loginTest()[pri:0, instance:com.flexcompany.testcases.TC_LoginTest_002@15b3e5b]" started-at="2022-10-23T16:04:10Z" name="loginTest" finished-at="2022-10-23T16:04:23Z" duration-ms="13304" status="PASS">
          <reporter-output>
          </reporter-output>
        </test-method> <!-- loginTest -->
        <test-method is-config="true" signature="tearDown()[pri:0, instance:com.flexcompany.testcases.TC_LoginTest_002@15b3e5b]" started-at="2022-10-23T16:04:23Z" name="tearDown" finished-at="2022-10-23T16:04:23Z" duration-ms="218" status="PASS">
          <reporter-output>
          </reporter-output>
        </test-method> <!-- tearDown -->
      </class> <!-- com.flexcompany.testcases.TC_LoginTest_002 -->
    </test> <!-- Test1 -->
  </suite> <!-- Flex-Company -->
</testng-results>
