<?xml version="1.0" encoding="UTF-8"?>
<testng-results ignored="0" total="2" passed="2" failed="0" skipped="0">
  <reporter-output>
  </reporter-output>
  <suite started-at="2022-10-23T06:43:01Z" name="Flex-Company" finished-at="2022-10-23T06:43:40Z" duration-ms="38793">
    <groups>
    </groups>
    <test started-at="2022-10-23T06:43:01Z" name="Test1" finished-at="2022-10-23T06:43:40Z" duration-ms="38793">
      <class name="com.flexcompany.testcases.TC_LoginTest_001">
        <test-method is-config="true" signature="setup(java.lang.String)[pri:0, instance:com.flexcompany.testcases.TC_LoginTest_001@4fe767f3]" started-at="2022-10-23T06:43:01Z" name="setup" finished-at="2022-10-23T06:43:07Z" duration-ms="6003" status="PASS">
          <params>
            <param index="0">
              <value>
                <![CDATA[chrome]]>
              </value>
            </param>
          </params>
          <reporter-output>
          </reporter-output>
        </test-method> <!-- setup -->
        <test-method signature="loginTest()[pri:0, instance:com.flexcompany.testcases.TC_LoginTest_001@4fe767f3]" started-at="2022-10-23T06:43:07Z" name="loginTest" finished-at="2022-10-23T06:43:20Z" duration-ms="13397" status="PASS">
          <reporter-output>
          </reporter-output>
        </test-method> <!-- loginTest -->
        <test-method is-config="true" signature="tearDown()[pri:0, instance:com.flexcompany.testcases.TC_LoginTest_001@4fe767f3]" started-at="2022-10-23T06:43:20Z" name="tearDown" finished-at="2022-10-23T06:43:21Z" duration-ms="1106" status="PASS">
          <reporter-output>
          </reporter-output>
        </test-method> <!-- tearDown -->
      </class> <!-- com.flexcompany.testcases.TC_LoginTest_001 -->
      <class name="com.flexcompany.testcases.TC_LoginTest_002">
        <test-method is-config="true" signature="setup(java.lang.String)[pri:0, instance:com.flexcompany.testcases.TC_LoginTest_002@2805c96b]" started-at="2022-10-23T06:43:21Z" name="setup" finished-at="2022-10-23T06:43:27Z" duration-ms="5162" status="PASS">
          <params>
            <param index="0">
              <value>
                <![CDATA[chrome]]>
              </value>
            </param>
          </params>
          <reporter-output>
          </reporter-output>
        </test-method> <!-- setup -->
        <test-method signature="loginTest()[pri:0, instance:com.flexcompany.testcases.TC_LoginTest_002@2805c96b]" started-at="2022-10-23T06:43:27Z" name="loginTest" finished-at="2022-10-23T06:43:39Z" duration-ms="12775" status="PASS">
          <reporter-output>
          </reporter-output>
        </test-method> <!-- loginTest -->
        <test-method is-config="true" signature="tearDown()[pri:0, instance:com.flexcompany.testcases.TC_LoginTest_002@2805c96b]" started-at="2022-10-23T06:43:39Z" name="tearDown" finished-at="2022-10-23T06:43:40Z" duration-ms="171" status="PASS">
          <reporter-output>
          </reporter-output>
        </test-method> <!-- tearDown -->
      </class> <!-- com.flexcompany.testcases.TC_LoginTest_002 -->
    </test> <!-- Test1 -->
  </suite> <!-- Flex-Company -->
</testng-results>
