<?xml version="1.0" encoding="UTF-8"?>
<testng-results ignored="0" total="2" passed="2" failed="0" skipped="0">
  <reporter-output>
  </reporter-output>
  <suite started-at="2022-11-13T09:22:03Z" name="Flex-Company" finished-at="2022-11-13T09:22:34Z" duration-ms="31459">
    <groups>
    </groups>
    <test started-at="2022-11-13T09:22:03Z" name="Test1" finished-at="2022-11-13T09:22:34Z" duration-ms="31459">
      <class name="com.flexcompany.testcases.TC_LoginTest_001">
        <test-method is-config="true" signature="setup(java.lang.String)[pri:0, instance:com.flexcompany.testcases.TC_LoginTest_001@4fe767f3]" started-at="2022-11-13T09:22:03Z" name="setup" finished-at="2022-11-13T09:22:08Z" duration-ms="4509" status="PASS">
          <params>
            <param index="0">
              <value>
                <![CDATA[chrome]]>
              </value>
            </param>
          </params>
          <reporter-output>
          </reporter-output>
        </test-method> <!-- setup -->
        <test-method signature="loginTest()[pri:0, instance:com.flexcompany.testcases.TC_LoginTest_001@4fe767f3]" started-at="2022-11-13T09:22:08Z" name="loginTest" finished-at="2022-11-13T09:22:20Z" duration-ms="12247" status="PASS">
          <reporter-output>
          </reporter-output>
        </test-method> <!-- loginTest -->
        <test-method is-config="true" signature="tearDown()[pri:0, instance:com.flexcompany.testcases.TC_LoginTest_001@4fe767f3]" started-at="2022-11-13T09:22:20Z" name="tearDown" finished-at="2022-11-13T09:22:20Z" duration-ms="199" status="PASS">
          <reporter-output>
          </reporter-output>
        </test-method> <!-- tearDown -->
      </class> <!-- com.flexcompany.testcases.TC_LoginTest_001 -->
      <class name="com.flexcompany.testcases.TC_LoginTest_002">
        <test-method is-config="true" signature="setup(java.lang.String)[pri:0, instance:com.flexcompany.testcases.TC_LoginTest_002@2805c96b]" started-at="2022-11-13T09:22:20Z" name="setup" finished-at="2022-11-13T09:22:22Z" duration-ms="2140" status="PASS">
          <params>
            <param index="0">
              <value>
                <![CDATA[chrome]]>
              </value>
            </param>
          </params>
          <reporter-output>
          </reporter-output>
        </test-method> <!-- setup -->
        <test-method signature="loginTest()[pri:0, instance:com.flexcompany.testcases.TC_LoginTest_002@2805c96b]" started-at="2022-11-13T09:22:22Z" name="loginTest" finished-at="2022-11-13T09:22:34Z" duration-ms="11905" status="PASS">
          <reporter-output>
          </reporter-output>
        </test-method> <!-- loginTest -->
        <test-method is-config="true" signature="tearDown()[pri:0, instance:com.flexcompany.testcases.TC_LoginTest_002@2805c96b]" started-at="2022-11-13T09:22:34Z" name="tearDown" finished-at="2022-11-13T09:22:34Z" duration-ms="195" status="PASS">
          <reporter-output>
          </reporter-output>
        </test-method> <!-- tearDown -->
      </class> <!-- com.flexcompany.testcases.TC_LoginTest_002 -->
    </test> <!-- Test1 -->
  </suite> <!-- Flex-Company -->
</testng-results>
